<?xml version="1.0" encoding="UTF-8"?>
<!-- Generated by org.testng.reporters.JUnitXMLReporter -->
<testsuite ignored="0" hostname="Tariq" failures="0" tests="6" name="Default test" time="0.161" errors="0" timestamp="11 Mar 2022 04:27:51 GMT">
  <testcase classname="testNG.TestNGGroups" name="groupsTestFive" time="0.034"/>
  <testcase classname="testNG.TestNGGroups" name="groupsTestFour" time="0.005"/>
  <testcase classname="testNG.TestNGGroups" name="groupsTestOne" time="0.004"/>
  <testcase classname="testNG.TestNGGroups" name="groupsTestSix" time="0.005"/>
  <testcase classname="testNG.TestNGGroups" name="groupsTestThree" time="0.003"/>
  <testcase classname="testNG.TestNGGroups" name="groupsTestTwo" time="0.004"/>
</testsuite> <!-- Default test -->
